<?xml version="1.0" encoding="UTF-8"?>
<!-- Generated by org.testng.reporters.JUnitReportReporter -->
<testsuite skipped="0" hostname="DESKTOP-45OOO9N" name="qaclickacademy.seleniumTest" tests="2" failures="0" timestamp="07 May 2019 16:36:45 GMT" time="0.001" errors="0">
  <testcase name="BrowserAutomation" time="0.001" classname="qaclickacademy.seleniumTest"/>
  <testcase name="ElementUI" time="0.000" classname="qaclickacademy.seleniumTest"/>
</testsuite> <!-- qaclickacademy.seleniumTest -->
